2022-12-15 13:59:40,745 - [INFO] - chat.client - (client2.py).<module>(83) - Старт клиента
2022-12-15 13:59:40,775 - [INFO] - chat.client - (logger_func.py).wrapper(9) - Функция connector вызвана из функции <module>
2022-12-15 13:59:40,778 - [INFO] - chat.client - (client2.py).connector(30) - соединение установлено: localhost:7777
2022-12-15 13:59:40,779 - [INFO] - chat.client - (logger_func.py).wrapper(9) - Функция send_presence вызвана из функции <module>
2022-12-15 13:59:40,779 - [INFO] - chat.client - (logger_func.py).wrapper(9) - Функция encode_message вызвана из функции send_presence
2022-12-15 14:01:09,189 - [INFO] - chat.client - (client2.py).<module>(83) - Старт клиента
2022-12-15 14:01:09,213 - [INFO] - chat.client - (logger_func.py).wrapper(9) - Функция connector вызвана из функции <module>
2022-12-15 14:01:28,859 - [INFO] - chat.client - (client2.py).<module>(83) - Старт клиента
2022-12-15 14:01:28,885 - [INFO] - chat.client - (logger_func.py).wrapper(9) - Функция connector вызвана из функции <module>
2022-12-15 14:01:28,890 - [INFO] - chat.client - (client2.py).connector(30) - соединение установлено: localhost:7777
2022-12-15 14:01:28,890 - [INFO] - chat.client - (logger_func.py).wrapper(9) - Функция send_presence вызвана из функции <module>
2022-12-15 14:01:28,891 - [INFO] - chat.client - (logger_func.py).wrapper(9) - Функция encode_message вызвана из функции send_presence
2022-12-15 14:28:02,965 - [INFO] - chat.client - (client2.py).start_client(77) - Старт клиента
2022-12-15 14:28:44,240 - [INFO] - chat.client - (client2.py).start_client(77) - Старт клиента
2022-12-15 14:39:03,973 - [INFO] - chat.client - (client2.py).start_client(77) - Старт клиента
2022-12-15 14:39:03,980 - [INFO] - chat.client - (client2.py).start_client(84) - Установлено соединение с сервером localhost:7777
2022-12-15 14:39:04,057 - [INFO] - chat.client - (logger_func.py).wrapper(9) - Функция send_presence вызвана из функции start_client
2022-12-15 14:39:04,059 - [INFO] - chat.client - (logger_func.py).wrapper(9) - Функция encode_message вызвана из функции send_presence
2022-12-15 14:39:51,866 - [ERROR] - chat.client - (client2.py).start_client(91) - Ошибка установки соединения с сервером localhost:7777
2022-12-15 14:40:11,922 - [INFO] - chat.client - (client2.py).start_client(77) - Старт клиента
2022-12-15 14:40:11,928 - [INFO] - chat.client - (client2.py).start_client(84) - Установлено соединение с сервером localhost:7777
2022-12-15 14:40:12,006 - [INFO] - chat.client - (logger_func.py).wrapper(9) - Функция send_presence вызвана из функции start_client
2022-12-15 14:40:12,008 - [INFO] - chat.client - (logger_func.py).wrapper(9) - Функция encode_message вызвана из функции send_presence
2022-12-15 14:41:16,194 - [INFO] - chat.client - (logger_func.py).wrapper(9) - Функция decode_message вызвана из функции <module>
2022-12-15 14:41:38,223 - [INFO] - chat.client - (logger_func.py).wrapper(9) - Функция decode_message вызвана из функции <module>
2022-12-15 14:42:02,771 - [INFO] - chat.client - (logger_func.py).wrapper(9) - Функция decode_message вызвана из функции <module>
2022-12-15 14:56:19,274 - [INFO] - chat.client - (client2.py).start_client(110) - Старт клиента
2022-12-15 14:56:19,288 - [INFO] - chat.client - (client2.py).start_client(117) - Установлено соединение с сервером localhost:7777
2022-12-15 14:56:19,306 - [INFO] - chat.client - (logger_func.py).wrapper(9) - Функция send_presence вызвана из функции start_client
2022-12-15 14:56:19,307 - [INFO] - chat.client - (logger_func.py).wrapper(9) - Функция encode_message вызвана из функции send_presence
2022-12-15 14:56:19,536 - [INFO] - chat.client - (logger_func.py).wrapper(9) - Функция decode_message вызвана из функции send_presence
2022-12-15 14:56:22,697 - [INFO] - chat.client - (logger_func.py).wrapper(9) - Функция encode_message вызвана из функции send_message
2022-12-15 14:56:22,814 - [INFO] - chat.client - (logger_func.py).wrapper(9) - Функция decode_message вызвана из функции send_message
2022-12-15 14:56:25,418 - [INFO] - chat.client - (logger_func.py).wrapper(9) - Функция encode_message вызвана из функции send_message
2022-12-15 14:56:25,506 - [INFO] - chat.client - (logger_func.py).wrapper(9) - Функция decode_message вызвана из функции send_message
2022-12-15 15:01:02,583 - [INFO] - chat.client - (client2.py).start_client(110) - Старт клиента
2022-12-15 15:01:02,597 - [INFO] - chat.client - (client2.py).start_client(117) - Установлено соединение с сервером localhost:7777
2022-12-15 15:01:02,616 - [INFO] - chat.client - (logger_func.py).wrapper(9) - Функция send_presence вызвана из функции start_client
2022-12-15 15:01:02,617 - [INFO] - chat.client - (logger_func.py).wrapper(9) - Функция encode_message вызвана из функции send_presence
2022-12-15 15:01:02,903 - [INFO] - chat.client - (logger_func.py).wrapper(9) - Функция decode_message вызвана из функции send_presence
2022-12-15 15:01:06,666 - [INFO] - chat.client - (logger_func.py).wrapper(9) - Функция encode_message вызвана из функции send_message
2022-12-15 15:01:06,807 - [INFO] - chat.client - (logger_func.py).wrapper(9) - Функция decode_message вызвана из функции send_message
2022-12-15 15:01:10,629 - [INFO] - chat.client - (client3.py).start_client(110) - Старт клиента
2022-12-15 15:01:10,641 - [INFO] - chat.client - (client3.py).start_client(117) - Установлено соединение с сервером localhost:7777
2022-12-15 15:01:10,658 - [INFO] - chat.client - (logger_func.py).wrapper(9) - Функция send_presence вызвана из функции start_client
2022-12-15 15:01:10,659 - [INFO] - chat.client - (logger_func.py).wrapper(9) - Функция encode_message вызвана из функции send_presence
2022-12-15 15:01:10,863 - [INFO] - chat.client - (logger_func.py).wrapper(9) - Функция decode_message вызвана из функции send_presence
2022-12-15 15:01:12,754 - [INFO] - chat.client - (logger_func.py).wrapper(9) - Функция encode_message вызвана из функции send_message
2022-12-15 15:01:12,921 - [INFO] - chat.client - (logger_func.py).wrapper(9) - Функция decode_message вызвана из функции send_message
2022-12-15 15:01:38,482 - [INFO] - chat.client - (logger_func.py).wrapper(9) - Функция encode_message вызвана из функции send_message
2022-12-15 15:02:27,129 - [INFO] - chat.client - (logger_func.py).wrapper(9) - Функция decode_message вызвана из функции send_message
2022-12-15 15:07:15,179 - [INFO] - chat.client - (logger_func.py).wrapper(9) - Функция encode_message вызвана из функции send_message
2022-12-15 15:12:01,704 - [INFO] - chat.client - (client2.py).start_client(111) - Старт клиента
2022-12-15 15:12:01,716 - [INFO] - chat.client - (client2.py).start_client(118) - Установлено соединение с сервером localhost:7777
2022-12-15 15:12:01,732 - [INFO] - chat.client - (logger_func.py).wrapper(9) - Функция send_presence вызвана из функции start_client
2022-12-15 15:12:01,732 - [INFO] - chat.client - (logger_func.py).wrapper(9) - Функция encode_message вызвана из функции send_presence
2022-12-15 15:12:34,751 - [INFO] - chat.client - (client2.py).start_client(111) - Старт клиента
2022-12-15 15:12:34,757 - [INFO] - chat.client - (client2.py).start_client(118) - Установлено соединение с сервером localhost:7777
2022-12-15 15:12:34,841 - [INFO] - chat.client - (logger_func.py).wrapper(9) - Функция send_presence вызвана из функции start_client
2022-12-15 15:12:34,843 - [INFO] - chat.client - (logger_func.py).wrapper(9) - Функция encode_message вызвана из функции send_presence
2022-12-15 15:12:55,254 - [INFO] - chat.client - (client2.py).start_client(111) - Старт клиента
2022-12-15 15:12:55,266 - [INFO] - chat.client - (client2.py).start_client(118) - Установлено соединение с сервером localhost:7777
2022-12-15 15:12:55,282 - [INFO] - chat.client - (logger_func.py).wrapper(9) - Функция send_presence вызвана из функции start_client
2022-12-15 15:12:55,283 - [INFO] - chat.client - (logger_func.py).wrapper(9) - Функция encode_message вызвана из функции send_presence
2022-12-15 15:12:55,570 - [INFO] - chat.client - (logger_func.py).wrapper(9) - Функция decode_message вызвана из функции send_presence
2022-12-15 15:12:57,826 - [INFO] - chat.client - (logger_func.py).wrapper(9) - Функция encode_message вызвана из функции send_message
2022-12-15 15:25:04,506 - [INFO] - chat.client - (client2.py).start_client(111) - Старт клиента
2022-12-15 15:25:04,518 - [INFO] - chat.client - (client2.py).start_client(118) - Установлено соединение с сервером localhost:7777
2022-12-15 15:25:04,534 - [INFO] - chat.client - (logger_func.py).wrapper(9) - Функция send_presence вызвана из функции start_client
2022-12-15 15:25:04,535 - [INFO] - chat.client - (logger_func.py).wrapper(9) - Функция encode_message вызвана из функции send_presence
2022-12-15 15:25:04,814 - [INFO] - chat.client - (logger_func.py).wrapper(9) - Функция decode_message вызвана из функции send_presence
2022-12-15 15:25:06,595 - [INFO] - chat.client - (logger_func.py).wrapper(9) - Функция encode_message вызвана из функции send_message
2022-12-15 15:25:17,391 - [INFO] - chat.client - (logger_func.py).wrapper(9) - Функция decode_message вызвана из функции send_message
2022-12-15 15:26:56,029 - [INFO] - chat.client - (client2.py).start_client(111) - Старт клиента
2022-12-15 15:26:56,041 - [INFO] - chat.client - (client2.py).start_client(118) - Установлено соединение с сервером localhost:7777
2022-12-15 15:26:56,057 - [INFO] - chat.client - (logger_func.py).wrapper(9) - Функция send_presence вызвана из функции start_client
2022-12-15 15:26:56,058 - [INFO] - chat.client - (logger_func.py).wrapper(9) - Функция encode_message вызвана из функции send_presence
2022-12-15 15:26:56,334 - [INFO] - chat.client - (logger_func.py).wrapper(9) - Функция decode_message вызвана из функции send_presence
2022-12-15 15:26:57,563 - [INFO] - chat.client - (logger_func.py).wrapper(9) - Функция encode_message вызвана из функции send_message
2022-12-15 15:26:57,765 - [INFO] - chat.client - (logger_func.py).wrapper(9) - Функция decode_message вызвана из функции send_message
2022-12-15 15:34:09,549 - [INFO] - chat.client - (client2.py).start_client(111) - Старт клиента
2022-12-15 15:34:09,562 - [INFO] - chat.client - (client2.py).start_client(118) - Установлено соединение с сервером localhost:7777
2022-12-15 15:34:09,578 - [INFO] - chat.client - (logger_func.py).wrapper(9) - Функция send_presence вызвана из функции start_client
2022-12-15 15:34:09,578 - [INFO] - chat.client - (logger_func.py).wrapper(9) - Функция encode_message вызвана из функции send_presence
2022-12-15 15:34:09,870 - [INFO] - chat.client - (logger_func.py).wrapper(9) - Функция decode_message вызвана из функции send_presence
2022-12-15 15:34:11,492 - [INFO] - chat.client - (logger_func.py).wrapper(9) - Функция encode_message вызвана из функции send_message
2022-12-15 15:34:11,510 - [INFO] - chat.client - (logger_func.py).wrapper(9) - Функция decode_message вызвана из функции send_message
2022-12-15 15:45:01,273 - [INFO] - chat.client - (client2.py).start_client(111) - Старт клиента
2022-12-15 15:45:01,286 - [INFO] - chat.client - (client2.py).start_client(118) - Установлено соединение с сервером localhost:7777
2022-12-15 15:45:01,302 - [INFO] - chat.client - (logger_func.py).wrapper(9) - Функция send_presence вызвана из функции start_client
2022-12-15 15:45:01,302 - [INFO] - chat.client - (logger_func.py).wrapper(9) - Функция encode_message вызвана из функции send_presence
2022-12-15 15:45:01,586 - [INFO] - chat.client - (logger_func.py).wrapper(9) - Функция decode_message вызвана из функции send_presence
2022-12-15 15:45:03,499 - [INFO] - chat.client - (logger_func.py).wrapper(9) - Функция encode_message вызвана из функции send_message
2022-12-15 15:45:32,002 - [INFO] - chat.client - (client2.py).start_client(111) - Старт клиента
2022-12-15 15:45:32,015 - [INFO] - chat.client - (client2.py).start_client(118) - Установлено соединение с сервером localhost:7777
2022-12-15 15:45:32,031 - [INFO] - chat.client - (logger_func.py).wrapper(9) - Функция send_presence вызвана из функции start_client
2022-12-15 15:45:32,031 - [INFO] - chat.client - (logger_func.py).wrapper(9) - Функция encode_message вызвана из функции send_presence
2022-12-15 15:45:32,338 - [INFO] - chat.client - (logger_func.py).wrapper(9) - Функция decode_message вызвана из функции send_presence
2022-12-15 15:45:34,931 - [INFO] - chat.client - (logger_func.py).wrapper(9) - Функция encode_message вызвана из функции send_message
2022-12-15 15:47:25,561 - [INFO] - chat.client - (client2.py).start_client(111) - Старт клиента
2022-12-15 15:47:25,574 - [INFO] - chat.client - (client2.py).start_client(118) - Установлено соединение с сервером localhost:7777
2022-12-15 15:47:25,589 - [INFO] - chat.client - (logger_func.py).wrapper(9) - Функция send_presence вызвана из функции start_client
2022-12-15 15:47:25,590 - [INFO] - chat.client - (logger_func.py).wrapper(9) - Функция encode_message вызвана из функции send_presence
2022-12-15 15:47:25,870 - [INFO] - chat.client - (logger_func.py).wrapper(9) - Функция decode_message вызвана из функции send_presence
2022-12-15 15:47:27,075 - [INFO] - chat.client - (logger_func.py).wrapper(9) - Функция encode_message вызвана из функции send_message
2022-12-15 15:47:59,601 - [INFO] - chat.client - (logger_func.py).wrapper(9) - Функция decode_message вызвана из функции send_message
2022-12-15 15:48:05,016 - [INFO] - chat.client - (client3.py).start_client(111) - Старт клиента
2022-12-15 15:48:05,029 - [INFO] - chat.client - (client3.py).start_client(118) - Установлено соединение с сервером localhost:7777
2022-12-15 15:48:05,045 - [INFO] - chat.client - (logger_func.py).wrapper(9) - Функция send_presence вызвана из функции start_client
2022-12-15 15:48:05,045 - [INFO] - chat.client - (logger_func.py).wrapper(9) - Функция encode_message вызвана из функции send_presence
2022-12-15 15:48:05,253 - [INFO] - chat.client - (logger_func.py).wrapper(9) - Функция decode_message вызвана из функции send_presence
2022-12-15 15:48:07,708 - [INFO] - chat.client - (logger_func.py).wrapper(9) - Функция encode_message вызвана из функции send_message
2022-12-15 15:52:33,532 - [INFO] - chat.client - (client2.py).start_client(111) - Старт клиента
2022-12-15 15:52:33,544 - [INFO] - chat.client - (client2.py).start_client(118) - Установлено соединение с сервером localhost:7777
2022-12-15 15:52:33,558 - [INFO] - chat.client - (logger_func.py).wrapper(9) - Функция send_presence вызвана из функции start_client
2022-12-15 15:52:33,559 - [INFO] - chat.client - (logger_func.py).wrapper(9) - Функция encode_message вызвана из функции send_presence
2022-12-15 15:52:33,849 - [INFO] - chat.client - (logger_func.py).wrapper(9) - Функция decode_message вызвана из функции send_presence
2022-12-15 15:52:36,251 - [INFO] - chat.client - (logger_func.py).wrapper(9) - Функция encode_message вызвана из функции send_message
2022-12-15 15:52:36,296 - [INFO] - chat.client - (logger_func.py).wrapper(9) - Функция decode_message вызвана из функции send_message
2022-12-15 15:52:38,235 - [INFO] - chat.client - (logger_func.py).wrapper(9) - Функция encode_message вызвана из функции send_message
2022-12-15 15:52:38,354 - [INFO] - chat.client - (logger_func.py).wrapper(9) - Функция decode_message вызвана из функции send_message
2022-12-15 15:52:43,533 - [INFO] - chat.client - (client3.py).start_client(111) - Старт клиента
2022-12-15 15:52:43,546 - [INFO] - chat.client - (client3.py).start_client(118) - Установлено соединение с сервером localhost:7777
2022-12-15 15:52:43,564 - [INFO] - chat.client - (logger_func.py).wrapper(9) - Функция send_presence вызвана из функции start_client
2022-12-15 15:52:43,564 - [INFO] - chat.client - (logger_func.py).wrapper(9) - Функция encode_message вызвана из функции send_presence
2022-12-15 15:52:43,759 - [INFO] - chat.client - (logger_func.py).wrapper(9) - Функция decode_message вызвана из функции send_presence
2022-12-15 15:52:45,395 - [INFO] - chat.client - (logger_func.py).wrapper(9) - Функция encode_message вызвана из функции send_message
2022-12-15 15:52:45,607 - [INFO] - chat.client - (logger_func.py).wrapper(9) - Функция decode_message вызвана из функции send_message
2022-12-15 15:52:47,300 - [INFO] - chat.client - (logger_func.py).wrapper(9) - Функция encode_message вызвана из функции send_message
2022-12-15 15:52:47,460 - [INFO] - chat.client - (logger_func.py).wrapper(9) - Функция decode_message вызвана из функции send_message
2022-12-15 15:52:55,339 - [INFO] - chat.client - (logger_func.py).wrapper(9) - Функция encode_message вызвана из функции send_message
2022-12-15 15:59:42,454 - [INFO] - chat.client - (client2.py).start_client(120) - Старт клиента
2022-12-15 15:59:42,461 - [INFO] - chat.client - (client2.py).start_client(127) - Установлено соединение с сервером localhost:7777
2022-12-15 15:59:42,536 - [INFO] - chat.client - (logger_func.py).wrapper(9) - Функция send_presence вызвана из функции start_client
2022-12-15 15:59:42,538 - [INFO] - chat.client - (logger_func.py).wrapper(9) - Функция encode_message вызвана из функции send_presence
2022-12-15 15:59:42,709 - [INFO] - chat.client - (logger_func.py).wrapper(9) - Функция decode_message вызвана из функции send_presence
2022-12-15 15:59:44,527 - [INFO] - chat.client - (logger_func.py).wrapper(9) - Функция encode_message вызвана из функции send_message
2022-12-15 15:59:44,542 - [INFO] - chat.client - (logger_func.py).wrapper(9) - Функция decode_message вызвана из функции send_message
2022-12-15 16:00:01,495 - [INFO] - chat.client - (client2.py).start_client(120) - Старт клиента
2022-12-15 16:00:01,501 - [INFO] - chat.client - (client2.py).start_client(127) - Установлено соединение с сервером localhost:7777
2022-12-15 16:00:01,582 - [INFO] - chat.client - (logger_func.py).wrapper(9) - Функция send_presence вызвана из функции start_client
2022-12-15 16:00:01,584 - [INFO] - chat.client - (logger_func.py).wrapper(9) - Функция encode_message вызвана из функции send_presence
2022-12-15 16:00:01,712 - [INFO] - chat.client - (logger_func.py).wrapper(9) - Функция decode_message вызвана из функции send_presence
2022-12-15 16:00:06,448 - [INFO] - chat.client - (logger_func.py).wrapper(9) - Функция encode_message вызвана из функции send_message
2022-12-15 16:00:06,616 - [INFO] - chat.client - (logger_func.py).wrapper(9) - Функция decode_message вызвана из функции send_message
2022-12-15 16:01:06,418 - [INFO] - chat.client - (client2.py).start_client(120) - Старт клиента
2022-12-15 16:01:06,425 - [INFO] - chat.client - (client2.py).start_client(127) - Установлено соединение с сервером localhost:7777
2022-12-15 16:01:06,501 - [INFO] - chat.client - (logger_func.py).wrapper(9) - Функция send_presence вызвана из функции start_client
2022-12-15 16:01:06,503 - [INFO] - chat.client - (logger_func.py).wrapper(9) - Функция encode_message вызвана из функции send_presence
2022-12-15 16:01:06,715 - [INFO] - chat.client - (logger_func.py).wrapper(9) - Функция decode_message вызвана из функции send_presence
2022-12-15 16:01:08,009 - [INFO] - chat.client - (logger_func.py).wrapper(9) - Функция encode_message вызвана из функции send_message
2022-12-15 16:01:08,153 - [INFO] - chat.client - (logger_func.py).wrapper(9) - Функция decode_message вызвана из функции send_message
2022-12-15 16:01:27,924 - [INFO] - chat.client - (client2.py).start_client(120) - Старт клиента
2022-12-15 16:01:27,932 - [INFO] - chat.client - (client2.py).start_client(127) - Установлено соединение с сервером localhost:7777
2022-12-15 16:01:28,004 - [INFO] - chat.client - (logger_func.py).wrapper(9) - Функция send_presence вызвана из функции start_client
2022-12-15 16:01:28,006 - [INFO] - chat.client - (logger_func.py).wrapper(9) - Функция encode_message вызвана из функции send_presence
2022-12-15 16:01:28,168 - [INFO] - chat.client - (logger_func.py).wrapper(9) - Функция decode_message вызвана из функции send_presence
2022-12-15 16:01:34,199 - [INFO] - chat.client - (logger_func.py).wrapper(9) - Функция encode_message вызвана из функции send_message
2022-12-15 16:01:34,290 - [INFO] - chat.client - (logger_func.py).wrapper(9) - Функция decode_message вызвана из функции send_message
2022-12-15 16:01:59,337 - [INFO] - chat.client - (client2.py).start_client(121) - Старт клиента
2022-12-15 16:01:59,343 - [INFO] - chat.client - (client2.py).start_client(128) - Установлено соединение с сервером localhost:7777
2022-12-15 16:01:59,415 - [INFO] - chat.client - (logger_func.py).wrapper(9) - Функция send_presence вызвана из функции start_client
2022-12-15 16:01:59,417 - [INFO] - chat.client - (logger_func.py).wrapper(9) - Функция encode_message вызвана из функции send_presence
2022-12-15 16:01:59,621 - [INFO] - chat.client - (logger_func.py).wrapper(9) - Функция decode_message вызвана из функции send_presence
2022-12-15 16:02:06,184 - [INFO] - chat.client - (logger_func.py).wrapper(9) - Функция encode_message вызвана из функции send_message
2022-12-15 16:02:06,376 - [INFO] - chat.client - (logger_func.py).wrapper(9) - Функция decode_message вызвана из функции send_message
2022-12-15 16:02:41,391 - [INFO] - chat.client - (client3.py).start_client(111) - Старт клиента
2022-12-15 16:02:41,404 - [INFO] - chat.client - (client3.py).start_client(118) - Установлено соединение с сервером localhost:7777
2022-12-15 16:02:41,420 - [INFO] - chat.client - (logger_func.py).wrapper(9) - Функция send_presence вызвана из функции start_client
2022-12-15 16:02:41,421 - [INFO] - chat.client - (logger_func.py).wrapper(9) - Функция encode_message вызвана из функции send_presence
2022-12-15 16:02:41,618 - [INFO] - chat.client - (logger_func.py).wrapper(9) - Функция decode_message вызвана из функции send_presence
2022-12-15 16:02:43,979 - [INFO] - chat.client - (logger_func.py).wrapper(9) - Функция encode_message вызвана из функции send_message
2022-12-15 16:02:44,069 - [INFO] - chat.client - (logger_func.py).wrapper(9) - Функция decode_message вызвана из функции send_message
2022-12-15 16:02:59,264 - [INFO] - chat.client - (logger_func.py).wrapper(9) - Функция encode_message вызвана из функции send_message
2022-12-15 16:02:59,361 - [INFO] - chat.client - (logger_func.py).wrapper(9) - Функция decode_message вызвана из функции send_message
2022-12-15 16:03:19,655 - [INFO] - chat.client - (logger_func.py).wrapper(9) - Функция encode_message вызвана из функции send_message
2022-12-15 16:03:19,674 - [INFO] - chat.client - (logger_func.py).wrapper(9) - Функция decode_message вызвана из функции send_message
2022-12-15 16:08:16,877 - [INFO] - chat.client - (client2.py).start_client(120) - Старт клиента
2022-12-15 16:08:16,891 - [INFO] - chat.client - (client2.py).start_client(127) - Установлено соединение с сервером localhost:7777
2022-12-15 16:08:16,907 - [INFO] - chat.client - (logger_func.py).wrapper(9) - Функция send_presence вызвана из функции start_client
2022-12-15 16:08:16,907 - [INFO] - chat.client - (logger_func.py).wrapper(9) - Функция encode_message вызвана из функции send_presence
2022-12-15 16:08:17,123 - [INFO] - chat.client - (logger_func.py).wrapper(9) - Функция decode_message вызвана из функции send_presence
2022-12-15 16:08:18,579 - [INFO] - chat.client - (logger_func.py).wrapper(9) - Функция encode_message вызвана из функции send_message
2022-12-15 16:08:18,757 - [INFO] - chat.client - (logger_func.py).wrapper(9) - Функция decode_message вызвана из функции send_message
2022-12-15 16:08:23,118 - [INFO] - chat.client - (client3.py).start_client(111) - Старт клиента
2022-12-15 16:08:23,132 - [INFO] - chat.client - (client3.py).start_client(118) - Установлено соединение с сервером localhost:7777
2022-12-15 16:08:23,148 - [INFO] - chat.client - (logger_func.py).wrapper(9) - Функция send_presence вызвана из функции start_client
2022-12-15 16:08:23,149 - [INFO] - chat.client - (logger_func.py).wrapper(9) - Функция encode_message вызвана из функции send_presence
2022-12-15 16:08:23,352 - [INFO] - chat.client - (logger_func.py).wrapper(9) - Функция decode_message вызвана из функции send_presence
2022-12-15 16:08:24,251 - [INFO] - chat.client - (logger_func.py).wrapper(9) - Функция encode_message вызвана из функции send_message
2022-12-15 16:08:24,375 - [INFO] - chat.client - (logger_func.py).wrapper(9) - Функция decode_message вызвана из функции send_message
2022-12-15 16:08:29,180 - [INFO] - chat.client - (logger_func.py).wrapper(9) - Функция encode_message вызвана из функции send_message
2022-12-15 16:08:29,242 - [INFO] - chat.client - (logger_func.py).wrapper(9) - Функция decode_message вызвана из функции send_message
2022-12-15 16:08:34,372 - [INFO] - chat.client - (logger_func.py).wrapper(9) - Функция encode_message вызвана из функции send_message
2022-12-15 16:08:34,566 - [INFO] - chat.client - (logger_func.py).wrapper(9) - Функция decode_message вызвана из функции send_message
2022-12-15 16:08:56,275 - [INFO] - chat.client - (logger_func.py).wrapper(9) - Функция encode_message вызвана из функции send_message
2022-12-15 16:08:56,347 - [INFO] - chat.client - (logger_func.py).wrapper(9) - Функция decode_message вызвана из функции send_message
